2019-09-07 20:13:21 INFO  org.seleniumhq.jetty9.util.log     - Logging initialized @955ms to org.seleniumhq.jetty9.util.log.Slf4jLog
2019-09-07 20:13:22 INFO  org.seleniumhq.jetty9.server.Server     - jetty-9.4.12.v20180830; built: 2018-08-30T13:59:14.071Z; git: 27208684755d94a92186989f695db2d7b21ebc51; jvm 1.8.0_201-b09
2019-09-07 20:13:22 INFO  org.seleniumhq.jetty9.server.session     - DefaultSessionIdManager workerName=node0
2019-09-07 20:13:22 INFO  org.seleniumhq.jetty9.server.session     - No SessionScavenger set, using defaults
2019-09-07 20:13:22 INFO  org.seleniumhq.jetty9.server.session     - node0 Scavenging every 660000ms
2019-09-07 20:13:22 INFO  org.seleniumhq.jetty9.server.handler.ContextHandler     - Started o.s.j.s.ServletContextHandler@24269709{/,null,AVAILABLE}
2019-09-07 20:13:22 INFO  org.seleniumhq.jetty9.server.AbstractConnector     - Started ServerConnector@55b0dcab{HTTP/1.1,[http/1.1]}{localhost:4444}
2019-09-07 20:13:22 INFO  org.seleniumhq.jetty9.server.Server     - Started @1274ms
2019-09-07 20:13:22 INFO  org.seleniumhq.jetty9.server.Server     - jetty-9.4.12.v20180830; built: 2018-08-30T13:59:14.071Z; git: 27208684755d94a92186989f695db2d7b21ebc51; jvm 1.8.0_201-b09
2019-09-07 20:13:22 INFO  org.seleniumhq.jetty9.server.handler.ContextHandler     - Started o.s.j.s.ServletContextHandler@7bba5817{/,null,AVAILABLE}
2019-09-07 20:13:22 INFO  org.seleniumhq.jetty9.server.AbstractConnector     - Started ServerConnector@742ff096{HTTP/1.1,[http/1.1]}{localhost:5555}
2019-09-07 20:13:22 INFO  org.seleniumhq.jetty9.server.Server     - Started @1406ms
2019-09-07 20:13:32 INFO  selenium.common.tests.BaseTest     - Grid set up and ready for test processing!
2019-09-07 20:13:39 INFO  com.spotify.docker.client.LoggingPullHandler     - pull gprestes/the-internet: ProgressMessage{id=1.0, status=Pulling from gprestes/the-internet, stream=null, error=null, progress=null, progressDetail=null}
2019-09-07 20:13:39 INFO  com.spotify.docker.client.LoggingPullHandler     - pull gprestes/the-internet: ProgressMessage{id=null, status=Digest: sha256:8384d74f2b6fc7d2cfb1b6838e199ca2e99943dc8c603288a9517dfc4e6db20a, stream=null, error=null, progress=null, progressDetail=null}
2019-09-07 20:13:39 INFO  com.spotify.docker.client.LoggingPullHandler     - pull gprestes/the-internet: ProgressMessage{id=2.0, status=Pulling from gprestes/the-internet, stream=null, error=null, progress=null, progressDetail=null}
2019-09-07 20:13:39 INFO  com.spotify.docker.client.LoggingPullHandler     - pull gprestes/the-internet: ProgressMessage{id=null, status=Digest: sha256:a5a3fb8a838dd5f7a2abdfc5ba3f7f6f87ae17a2f8e77af36e10912ed77b4db5, stream=null, error=null, progress=null, progressDetail=null}
2019-09-07 20:13:40 INFO  com.spotify.docker.client.LoggingPullHandler     - pull gprestes/the-internet: ProgressMessage{id=2.1, status=Pulling from gprestes/the-internet, stream=null, error=null, progress=null, progressDetail=null}
2019-09-07 20:13:40 INFO  com.spotify.docker.client.LoggingPullHandler     - pull gprestes/the-internet: ProgressMessage{id=null, status=Digest: sha256:590c7853d8469d27991a427ba19620cd372d97d998e2c43e82c3af6d47ea3f95, stream=null, error=null, progress=null, progressDetail=null}
2019-09-07 20:13:41 INFO  com.spotify.docker.client.LoggingPullHandler     - pull gprestes/the-internet: ProgressMessage{id=2.2, status=Pulling from gprestes/the-internet, stream=null, error=null, progress=null, progressDetail=null}
2019-09-07 20:13:41 INFO  com.spotify.docker.client.LoggingPullHandler     - pull gprestes/the-internet: ProgressMessage{id=null, status=Digest: sha256:ab8e42fe1d2f59e477d8ebbbaf59d17522722f7c3b2135fa22951f3a4b52440c, stream=null, error=null, progress=null, progressDetail=null}
2019-09-07 20:13:42 INFO  com.spotify.docker.client.LoggingPullHandler     - pull gprestes/the-internet: ProgressMessage{id=2.3, status=Pulling from gprestes/the-internet, stream=null, error=null, progress=null, progressDetail=null}
2019-09-07 20:13:42 INFO  com.spotify.docker.client.LoggingPullHandler     - pull gprestes/the-internet: ProgressMessage{id=null, status=Digest: sha256:37416ecad294c20e34bbeb097735f034a2d1025f665c8b08e8557160718c4aa3, stream=null, error=null, progress=null, progressDetail=null}
2019-09-07 20:13:42 INFO  com.spotify.docker.client.LoggingPullHandler     - pull gprestes/the-internet: ProgressMessage{id=2.4, status=Pulling from gprestes/the-internet, stream=null, error=null, progress=null, progressDetail=null}
2019-09-07 20:13:42 INFO  com.spotify.docker.client.LoggingPullHandler     - pull gprestes/the-internet: ProgressMessage{id=null, status=Digest: sha256:3acb067ca99e937c80c326241d504ae7543b203c9877c97035b57d8f7a51f84e, stream=null, error=null, progress=null, progressDetail=null}
2019-09-07 20:13:43 INFO  com.spotify.docker.client.LoggingPullHandler     - pull gprestes/the-internet: ProgressMessage{id=latest, status=Pulling from gprestes/the-internet, stream=null, error=null, progress=null, progressDetail=null}
2019-09-07 20:13:43 INFO  com.spotify.docker.client.LoggingPullHandler     - pull gprestes/the-internet: ProgressMessage{id=null, status=Digest: sha256:f741ba048b7232ef90b0f7885de7f6ac42a52a17e73dd82afc484da140398796, stream=null, error=null, progress=null, progressDetail=null}
2019-09-07 20:13:43 INFO  com.spotify.docker.client.LoggingPullHandler     - pull gprestes/the-internet: ProgressMessage{id=null, status=Status: Image is up to date for gprestes/the-internet, stream=null, error=null, progress=null, progressDetail=null}
2019-09-07 20:13:44 INFO  com.spotify.docker.client.DefaultDockerClient     - Starting container with Id: 0371efcbd1b4b969af05a08aff2cbeb1c5db9f5ef1fdf957621e715358344ef3
2019-09-07 20:14:14 INFO  org.seleniumhq.jetty9.server.AbstractConnector     - Stopped ServerConnector@742ff096{HTTP/1.1,[http/1.1]}{localhost:5555}
2019-09-07 20:14:14 INFO  org.seleniumhq.jetty9.server.handler.ContextHandler     - Stopped o.s.j.s.ServletContextHandler@7bba5817{/,null,UNAVAILABLE}
2019-09-07 20:14:14 INFO  org.seleniumhq.jetty9.server.AbstractConnector     - Stopped ServerConnector@55b0dcab{HTTP/1.1,[http/1.1]}{localhost:4444}
2019-09-07 20:14:14 INFO  org.seleniumhq.jetty9.server.session     - node0 Stopped scavenging
2019-09-07 20:14:14 INFO  org.seleniumhq.jetty9.server.handler.ContextHandler     - Stopped o.s.j.s.ServletContextHandler@24269709{/,null,UNAVAILABLE}
2019-09-07 20:14:14 INFO  selenium.common.tests.BaseTest     - Grid closed!
2019-09-07 20:15:39 INFO  org.seleniumhq.jetty9.util.log     - Logging initialized @1069ms to org.seleniumhq.jetty9.util.log.Slf4jLog
2019-09-07 20:15:40 INFO  org.seleniumhq.jetty9.server.Server     - jetty-9.4.12.v20180830; built: 2018-08-30T13:59:14.071Z; git: 27208684755d94a92186989f695db2d7b21ebc51; jvm 1.8.0_201-b09
2019-09-07 20:15:40 INFO  org.seleniumhq.jetty9.server.session     - DefaultSessionIdManager workerName=node0
2019-09-07 20:15:40 INFO  org.seleniumhq.jetty9.server.session     - No SessionScavenger set, using defaults
2019-09-07 20:15:40 INFO  org.seleniumhq.jetty9.server.session     - node0 Scavenging every 660000ms
2019-09-07 20:15:40 INFO  org.seleniumhq.jetty9.server.handler.ContextHandler     - Started o.s.j.s.ServletContextHandler@479460a6{/,null,AVAILABLE}
2019-09-07 20:15:40 INFO  org.seleniumhq.jetty9.server.AbstractConnector     - Started ServerConnector@626c44e7{HTTP/1.1,[http/1.1]}{localhost:4444}
2019-09-07 20:15:40 INFO  org.seleniumhq.jetty9.server.Server     - Started @1354ms
2019-09-07 20:15:40 INFO  org.seleniumhq.jetty9.server.Server     - jetty-9.4.12.v20180830; built: 2018-08-30T13:59:14.071Z; git: 27208684755d94a92186989f695db2d7b21ebc51; jvm 1.8.0_201-b09
2019-09-07 20:15:40 INFO  org.seleniumhq.jetty9.server.handler.ContextHandler     - Started o.s.j.s.ServletContextHandler@9bd0fa6{/,null,AVAILABLE}
2019-09-07 20:15:40 INFO  org.seleniumhq.jetty9.server.AbstractConnector     - Started ServerConnector@59d2103b{HTTP/1.1,[http/1.1]}{localhost:5555}
2019-09-07 20:15:40 INFO  org.seleniumhq.jetty9.server.Server     - Started @1485ms
2019-09-07 20:15:50 INFO  selenium.common.tests.BaseTest     - Grid set up and ready for test processing!
2019-09-07 20:15:56 INFO  com.spotify.docker.client.LoggingPullHandler     - pull gprestes/the-internet: ProgressMessage{id=1.0, status=Pulling from gprestes/the-internet, stream=null, error=null, progress=null, progressDetail=null}
2019-09-07 20:15:56 INFO  com.spotify.docker.client.LoggingPullHandler     - pull gprestes/the-internet: ProgressMessage{id=null, status=Digest: sha256:8384d74f2b6fc7d2cfb1b6838e199ca2e99943dc8c603288a9517dfc4e6db20a, stream=null, error=null, progress=null, progressDetail=null}
2019-09-07 20:15:57 INFO  com.spotify.docker.client.LoggingPullHandler     - pull gprestes/the-internet: ProgressMessage{id=2.0, status=Pulling from gprestes/the-internet, stream=null, error=null, progress=null, progressDetail=null}
2019-09-07 20:15:57 INFO  com.spotify.docker.client.LoggingPullHandler     - pull gprestes/the-internet: ProgressMessage{id=null, status=Digest: sha256:a5a3fb8a838dd5f7a2abdfc5ba3f7f6f87ae17a2f8e77af36e10912ed77b4db5, stream=null, error=null, progress=null, progressDetail=null}
2019-09-07 20:15:58 INFO  com.spotify.docker.client.LoggingPullHandler     - pull gprestes/the-internet: ProgressMessage{id=2.1, status=Pulling from gprestes/the-internet, stream=null, error=null, progress=null, progressDetail=null}
2019-09-07 20:15:58 INFO  com.spotify.docker.client.LoggingPullHandler     - pull gprestes/the-internet: ProgressMessage{id=null, status=Digest: sha256:590c7853d8469d27991a427ba19620cd372d97d998e2c43e82c3af6d47ea3f95, stream=null, error=null, progress=null, progressDetail=null}
2019-09-07 20:15:58 INFO  com.spotify.docker.client.LoggingPullHandler     - pull gprestes/the-internet: ProgressMessage{id=2.2, status=Pulling from gprestes/the-internet, stream=null, error=null, progress=null, progressDetail=null}
2019-09-07 20:15:58 INFO  com.spotify.docker.client.LoggingPullHandler     - pull gprestes/the-internet: ProgressMessage{id=null, status=Digest: sha256:ab8e42fe1d2f59e477d8ebbbaf59d17522722f7c3b2135fa22951f3a4b52440c, stream=null, error=null, progress=null, progressDetail=null}
2019-09-07 20:15:59 INFO  com.spotify.docker.client.LoggingPullHandler     - pull gprestes/the-internet: ProgressMessage{id=2.3, status=Pulling from gprestes/the-internet, stream=null, error=null, progress=null, progressDetail=null}
2019-09-07 20:15:59 INFO  com.spotify.docker.client.LoggingPullHandler     - pull gprestes/the-internet: ProgressMessage{id=null, status=Digest: sha256:37416ecad294c20e34bbeb097735f034a2d1025f665c8b08e8557160718c4aa3, stream=null, error=null, progress=null, progressDetail=null}
2019-09-07 20:16:00 INFO  com.spotify.docker.client.LoggingPullHandler     - pull gprestes/the-internet: ProgressMessage{id=2.4, status=Pulling from gprestes/the-internet, stream=null, error=null, progress=null, progressDetail=null}
2019-09-07 20:16:00 INFO  com.spotify.docker.client.LoggingPullHandler     - pull gprestes/the-internet: ProgressMessage{id=null, status=Digest: sha256:3acb067ca99e937c80c326241d504ae7543b203c9877c97035b57d8f7a51f84e, stream=null, error=null, progress=null, progressDetail=null}
2019-09-07 20:16:01 INFO  com.spotify.docker.client.LoggingPullHandler     - pull gprestes/the-internet: ProgressMessage{id=latest, status=Pulling from gprestes/the-internet, stream=null, error=null, progress=null, progressDetail=null}
2019-09-07 20:16:01 INFO  com.spotify.docker.client.LoggingPullHandler     - pull gprestes/the-internet: ProgressMessage{id=null, status=Digest: sha256:f741ba048b7232ef90b0f7885de7f6ac42a52a17e73dd82afc484da140398796, stream=null, error=null, progress=null, progressDetail=null}
2019-09-07 20:16:01 INFO  com.spotify.docker.client.LoggingPullHandler     - pull gprestes/the-internet: ProgressMessage{id=null, status=Status: Image is up to date for gprestes/the-internet, stream=null, error=null, progress=null, progressDetail=null}
2019-09-07 20:16:01 INFO  com.spotify.docker.client.DefaultDockerClient     - Starting container with Id: 4a3403760772fc3fa74236be6f14fec7215e2b174c5eb8cc405d321455f08028
2019-09-07 20:17:01 INFO  org.seleniumhq.jetty9.server.AbstractConnector     - Stopped ServerConnector@59d2103b{HTTP/1.1,[http/1.1]}{localhost:5555}
2019-09-07 20:17:01 INFO  org.seleniumhq.jetty9.server.handler.ContextHandler     - Stopped o.s.j.s.ServletContextHandler@9bd0fa6{/,null,UNAVAILABLE}
2019-09-07 20:17:01 INFO  org.seleniumhq.jetty9.server.AbstractConnector     - Stopped ServerConnector@626c44e7{HTTP/1.1,[http/1.1]}{localhost:4444}
2019-09-07 20:17:01 INFO  org.seleniumhq.jetty9.server.session     - node0 Stopped scavenging
2019-09-07 20:17:01 INFO  org.seleniumhq.jetty9.server.handler.ContextHandler     - Stopped o.s.j.s.ServletContextHandler@479460a6{/,null,UNAVAILABLE}
2019-09-07 20:17:01 INFO  selenium.common.tests.BaseTest     - Grid closed!
2019-09-07 20:18:56 INFO  org.seleniumhq.jetty9.util.log     - Logging initialized @1049ms to org.seleniumhq.jetty9.util.log.Slf4jLog
2019-09-07 20:20:44 INFO  org.seleniumhq.jetty9.util.log     - Logging initialized @915ms to org.seleniumhq.jetty9.util.log.Slf4jLog
2019-09-07 20:20:45 INFO  org.seleniumhq.jetty9.server.Server     - jetty-9.4.12.v20180830; built: 2018-08-30T13:59:14.071Z; git: 27208684755d94a92186989f695db2d7b21ebc51; jvm 1.8.0_201-b09
2019-09-07 20:20:45 INFO  org.seleniumhq.jetty9.server.session     - DefaultSessionIdManager workerName=node0
2019-09-07 20:20:45 INFO  org.seleniumhq.jetty9.server.session     - No SessionScavenger set, using defaults
2019-09-07 20:20:45 INFO  org.seleniumhq.jetty9.server.session     - node0 Scavenging every 600000ms
2019-09-07 20:20:45 INFO  org.seleniumhq.jetty9.server.handler.ContextHandler     - Started o.s.j.s.ServletContextHandler@24269709{/,null,AVAILABLE}
2019-09-07 20:20:45 INFO  org.seleniumhq.jetty9.server.AbstractConnector     - Started ServerConnector@55b0dcab{HTTP/1.1,[http/1.1]}{localhost:4444}
2019-09-07 20:20:45 INFO  org.seleniumhq.jetty9.server.Server     - Started @1167ms
2019-09-07 20:20:45 INFO  org.seleniumhq.jetty9.server.Server     - jetty-9.4.12.v20180830; built: 2018-08-30T13:59:14.071Z; git: 27208684755d94a92186989f695db2d7b21ebc51; jvm 1.8.0_201-b09
2019-09-07 20:20:45 INFO  org.seleniumhq.jetty9.server.handler.ContextHandler     - Started o.s.j.s.ServletContextHandler@7bba5817{/,null,AVAILABLE}
2019-09-07 20:20:45 INFO  org.seleniumhq.jetty9.server.AbstractConnector     - Started ServerConnector@742ff096{HTTP/1.1,[http/1.1]}{localhost:5555}
2019-09-07 20:20:45 INFO  org.seleniumhq.jetty9.server.Server     - Started @1294ms
2019-09-07 20:20:55 INFO  selenium.common.tests.BaseTest     - Grid set up and ready for test processing!
2019-09-07 20:21:01 INFO  com.spotify.docker.client.LoggingPullHandler     - pull gprestes/the-internet: ProgressMessage{id=1.0, status=Pulling from gprestes/the-internet, stream=null, error=null, progress=null, progressDetail=null}
2019-09-07 20:21:01 INFO  com.spotify.docker.client.LoggingPullHandler     - pull gprestes/the-internet: ProgressMessage{id=null, status=Digest: sha256:8384d74f2b6fc7d2cfb1b6838e199ca2e99943dc8c603288a9517dfc4e6db20a, stream=null, error=null, progress=null, progressDetail=null}
2019-09-07 20:21:02 INFO  com.spotify.docker.client.LoggingPullHandler     - pull gprestes/the-internet: ProgressMessage{id=2.0, status=Pulling from gprestes/the-internet, stream=null, error=null, progress=null, progressDetail=null}
2019-09-07 20:21:02 INFO  com.spotify.docker.client.LoggingPullHandler     - pull gprestes/the-internet: ProgressMessage{id=null, status=Digest: sha256:a5a3fb8a838dd5f7a2abdfc5ba3f7f6f87ae17a2f8e77af36e10912ed77b4db5, stream=null, error=null, progress=null, progressDetail=null}
2019-09-07 20:21:03 INFO  com.spotify.docker.client.LoggingPullHandler     - pull gprestes/the-internet: ProgressMessage{id=2.1, status=Pulling from gprestes/the-internet, stream=null, error=null, progress=null, progressDetail=null}
2019-09-07 20:21:03 INFO  com.spotify.docker.client.LoggingPullHandler     - pull gprestes/the-internet: ProgressMessage{id=null, status=Digest: sha256:590c7853d8469d27991a427ba19620cd372d97d998e2c43e82c3af6d47ea3f95, stream=null, error=null, progress=null, progressDetail=null}
2019-09-07 20:21:04 INFO  com.spotify.docker.client.LoggingPullHandler     - pull gprestes/the-internet: ProgressMessage{id=2.2, status=Pulling from gprestes/the-internet, stream=null, error=null, progress=null, progressDetail=null}
2019-09-07 20:21:04 INFO  com.spotify.docker.client.LoggingPullHandler     - pull gprestes/the-internet: ProgressMessage{id=null, status=Digest: sha256:ab8e42fe1d2f59e477d8ebbbaf59d17522722f7c3b2135fa22951f3a4b52440c, stream=null, error=null, progress=null, progressDetail=null}
2019-09-07 20:21:04 INFO  com.spotify.docker.client.LoggingPullHandler     - pull gprestes/the-internet: ProgressMessage{id=2.3, status=Pulling from gprestes/the-internet, stream=null, error=null, progress=null, progressDetail=null}
2019-09-07 20:21:04 INFO  com.spotify.docker.client.LoggingPullHandler     - pull gprestes/the-internet: ProgressMessage{id=null, status=Digest: sha256:37416ecad294c20e34bbeb097735f034a2d1025f665c8b08e8557160718c4aa3, stream=null, error=null, progress=null, progressDetail=null}
2019-09-07 20:21:05 INFO  com.spotify.docker.client.LoggingPullHandler     - pull gprestes/the-internet: ProgressMessage{id=2.4, status=Pulling from gprestes/the-internet, stream=null, error=null, progress=null, progressDetail=null}
2019-09-07 20:21:05 INFO  com.spotify.docker.client.LoggingPullHandler     - pull gprestes/the-internet: ProgressMessage{id=null, status=Digest: sha256:3acb067ca99e937c80c326241d504ae7543b203c9877c97035b57d8f7a51f84e, stream=null, error=null, progress=null, progressDetail=null}
2019-09-07 20:21:06 INFO  com.spotify.docker.client.LoggingPullHandler     - pull gprestes/the-internet: ProgressMessage{id=latest, status=Pulling from gprestes/the-internet, stream=null, error=null, progress=null, progressDetail=null}
2019-09-07 20:21:06 INFO  com.spotify.docker.client.LoggingPullHandler     - pull gprestes/the-internet: ProgressMessage{id=null, status=Digest: sha256:f741ba048b7232ef90b0f7885de7f6ac42a52a17e73dd82afc484da140398796, stream=null, error=null, progress=null, progressDetail=null}
2019-09-07 20:21:06 INFO  com.spotify.docker.client.LoggingPullHandler     - pull gprestes/the-internet: ProgressMessage{id=null, status=Status: Image is up to date for gprestes/the-internet, stream=null, error=null, progress=null, progressDetail=null}
2019-09-07 20:21:06 INFO  com.spotify.docker.client.DefaultDockerClient     - Starting container with Id: 973b737254a8d1503f0d7f1abf572e4412282527899f50d1f9d9a4e1fbdd11de
2019-09-07 20:21:38 INFO  framework.tools.utils.Custom     - /Users/michalzajowski/Documents/Selenium_base_test/src/test/resources/test.html
2019-09-07 20:21:38 INFO  org.seleniumhq.jetty9.server.AbstractConnector     - Stopped ServerConnector@742ff096{HTTP/1.1,[http/1.1]}{localhost:5555}
2019-09-07 20:21:38 INFO  org.seleniumhq.jetty9.server.handler.ContextHandler     - Stopped o.s.j.s.ServletContextHandler@7bba5817{/,null,UNAVAILABLE}
2019-09-07 20:21:38 INFO  org.seleniumhq.jetty9.server.AbstractConnector     - Stopped ServerConnector@55b0dcab{HTTP/1.1,[http/1.1]}{localhost:4444}
2019-09-07 20:21:38 INFO  org.seleniumhq.jetty9.server.session     - node0 Stopped scavenging
2019-09-07 20:21:38 INFO  org.seleniumhq.jetty9.server.handler.ContextHandler     - Stopped o.s.j.s.ServletContextHandler@24269709{/,null,UNAVAILABLE}
2019-09-07 20:21:38 INFO  selenium.common.tests.BaseTest     - Grid closed!
2019-09-07 20:40:01 INFO  org.seleniumhq.jetty9.util.log     - Logging initialized @936ms to org.seleniumhq.jetty9.util.log.Slf4jLog
2019-09-07 20:40:02 INFO  org.seleniumhq.jetty9.server.Server     - jetty-9.4.12.v20180830; built: 2018-08-30T13:59:14.071Z; git: 27208684755d94a92186989f695db2d7b21ebc51; jvm 1.8.0_201-b09
2019-09-07 20:40:02 INFO  org.seleniumhq.jetty9.server.session     - DefaultSessionIdManager workerName=node0
2019-09-07 20:40:02 INFO  org.seleniumhq.jetty9.server.session     - No SessionScavenger set, using defaults
2019-09-07 20:40:02 INFO  org.seleniumhq.jetty9.server.session     - node0 Scavenging every 600000ms
2019-09-07 20:40:02 INFO  org.seleniumhq.jetty9.server.handler.ContextHandler     - Started o.s.j.s.ServletContextHandler@24269709{/,null,AVAILABLE}
2019-09-07 20:40:02 INFO  org.seleniumhq.jetty9.server.AbstractConnector     - Started ServerConnector@55b0dcab{HTTP/1.1,[http/1.1]}{localhost:4444}
2019-09-07 20:40:02 INFO  org.seleniumhq.jetty9.server.Server     - Started @1221ms
2019-09-07 20:40:02 INFO  org.seleniumhq.jetty9.server.Server     - jetty-9.4.12.v20180830; built: 2018-08-30T13:59:14.071Z; git: 27208684755d94a92186989f695db2d7b21ebc51; jvm 1.8.0_201-b09
2019-09-07 20:40:02 INFO  org.seleniumhq.jetty9.server.handler.ContextHandler     - Started o.s.j.s.ServletContextHandler@7bba5817{/,null,AVAILABLE}
2019-09-07 20:40:02 INFO  org.seleniumhq.jetty9.server.AbstractConnector     - Started ServerConnector@742ff096{HTTP/1.1,[http/1.1]}{localhost:5555}
2019-09-07 20:40:02 INFO  org.seleniumhq.jetty9.server.Server     - Started @1345ms
2019-09-07 20:40:12 INFO  selenium.common.tests.BaseTest     - Grid set up and ready for test processing!
2019-09-07 20:40:19 INFO  com.spotify.docker.client.LoggingPullHandler     - pull gprestes/the-internet: ProgressMessage{id=1.0, status=Pulling from gprestes/the-internet, stream=null, error=null, progress=null, progressDetail=null}
2019-09-07 20:40:19 INFO  com.spotify.docker.client.LoggingPullHandler     - pull gprestes/the-internet: ProgressMessage{id=null, status=Digest: sha256:8384d74f2b6fc7d2cfb1b6838e199ca2e99943dc8c603288a9517dfc4e6db20a, stream=null, error=null, progress=null, progressDetail=null}
2019-09-07 20:40:20 INFO  com.spotify.docker.client.LoggingPullHandler     - pull gprestes/the-internet: ProgressMessage{id=2.0, status=Pulling from gprestes/the-internet, stream=null, error=null, progress=null, progressDetail=null}
2019-09-07 20:40:20 INFO  com.spotify.docker.client.LoggingPullHandler     - pull gprestes/the-internet: ProgressMessage{id=null, status=Digest: sha256:a5a3fb8a838dd5f7a2abdfc5ba3f7f6f87ae17a2f8e77af36e10912ed77b4db5, stream=null, error=null, progress=null, progressDetail=null}
2019-09-07 20:40:21 INFO  com.spotify.docker.client.LoggingPullHandler     - pull gprestes/the-internet: ProgressMessage{id=2.1, status=Pulling from gprestes/the-internet, stream=null, error=null, progress=null, progressDetail=null}
2019-09-07 20:40:21 INFO  com.spotify.docker.client.LoggingPullHandler     - pull gprestes/the-internet: ProgressMessage{id=null, status=Digest: sha256:590c7853d8469d27991a427ba19620cd372d97d998e2c43e82c3af6d47ea3f95, stream=null, error=null, progress=null, progressDetail=null}
2019-09-07 20:40:21 INFO  com.spotify.docker.client.LoggingPullHandler     - pull gprestes/the-internet: ProgressMessage{id=2.2, status=Pulling from gprestes/the-internet, stream=null, error=null, progress=null, progressDetail=null}
2019-09-07 20:40:21 INFO  com.spotify.docker.client.LoggingPullHandler     - pull gprestes/the-internet: ProgressMessage{id=null, status=Digest: sha256:ab8e42fe1d2f59e477d8ebbbaf59d17522722f7c3b2135fa22951f3a4b52440c, stream=null, error=null, progress=null, progressDetail=null}
2019-09-07 20:40:22 INFO  com.spotify.docker.client.LoggingPullHandler     - pull gprestes/the-internet: ProgressMessage{id=2.3, status=Pulling from gprestes/the-internet, stream=null, error=null, progress=null, progressDetail=null}
2019-09-07 20:40:22 INFO  com.spotify.docker.client.LoggingPullHandler     - pull gprestes/the-internet: ProgressMessage{id=null, status=Digest: sha256:37416ecad294c20e34bbeb097735f034a2d1025f665c8b08e8557160718c4aa3, stream=null, error=null, progress=null, progressDetail=null}
2019-09-07 20:40:23 INFO  com.spotify.docker.client.LoggingPullHandler     - pull gprestes/the-internet: ProgressMessage{id=2.4, status=Pulling from gprestes/the-internet, stream=null, error=null, progress=null, progressDetail=null}
2019-09-07 20:40:23 INFO  com.spotify.docker.client.LoggingPullHandler     - pull gprestes/the-internet: ProgressMessage{id=null, status=Digest: sha256:3acb067ca99e937c80c326241d504ae7543b203c9877c97035b57d8f7a51f84e, stream=null, error=null, progress=null, progressDetail=null}
2019-09-07 20:40:24 INFO  com.spotify.docker.client.LoggingPullHandler     - pull gprestes/the-internet: ProgressMessage{id=latest, status=Pulling from gprestes/the-internet, stream=null, error=null, progress=null, progressDetail=null}
2019-09-07 20:40:24 INFO  com.spotify.docker.client.LoggingPullHandler     - pull gprestes/the-internet: ProgressMessage{id=null, status=Digest: sha256:f741ba048b7232ef90b0f7885de7f6ac42a52a17e73dd82afc484da140398796, stream=null, error=null, progress=null, progressDetail=null}
2019-09-07 20:40:24 INFO  com.spotify.docker.client.LoggingPullHandler     - pull gprestes/the-internet: ProgressMessage{id=null, status=Status: Image is up to date for gprestes/the-internet, stream=null, error=null, progress=null, progressDetail=null}
2019-09-07 20:40:24 INFO  com.spotify.docker.client.DefaultDockerClient     - Starting container with Id: c643fd555afdeb3c332422d365a209ffce043f9c8ea1fd93b0c3ec3901a1f195
2019-09-07 20:40:55 INFO  framework.tools.utils.Custom     - /Users/michalzajowski/Documents/Selenium_base_test/src/main/resources/test.html
2019-09-07 20:40:56 INFO  org.seleniumhq.jetty9.server.AbstractConnector     - Stopped ServerConnector@742ff096{HTTP/1.1,[http/1.1]}{localhost:5555}
2019-09-07 20:40:56 INFO  org.seleniumhq.jetty9.server.handler.ContextHandler     - Stopped o.s.j.s.ServletContextHandler@7bba5817{/,null,UNAVAILABLE}
2019-09-07 20:40:56 INFO  org.seleniumhq.jetty9.server.AbstractConnector     - Stopped ServerConnector@55b0dcab{HTTP/1.1,[http/1.1]}{localhost:4444}
2019-09-07 20:40:56 INFO  org.seleniumhq.jetty9.server.session     - node0 Stopped scavenging
2019-09-07 20:40:56 INFO  org.seleniumhq.jetty9.server.handler.ContextHandler     - Stopped o.s.j.s.ServletContextHandler@24269709{/,null,UNAVAILABLE}
2019-09-07 20:40:56 INFO  selenium.common.tests.BaseTest     - Grid closed!
2019-09-07 20:52:53 INFO  org.seleniumhq.jetty9.util.log     - Logging initialized @1158ms to org.seleniumhq.jetty9.util.log.Slf4jLog
2019-09-07 20:52:53 INFO  org.seleniumhq.jetty9.server.Server     - jetty-9.4.12.v20180830; built: 2018-08-30T13:59:14.071Z; git: 27208684755d94a92186989f695db2d7b21ebc51; jvm 1.8.0_201-b09
2019-09-07 20:52:53 INFO  org.seleniumhq.jetty9.server.session     - DefaultSessionIdManager workerName=node0
2019-09-07 20:52:53 INFO  org.seleniumhq.jetty9.server.session     - No SessionScavenger set, using defaults
2019-09-07 20:52:53 INFO  org.seleniumhq.jetty9.server.session     - node0 Scavenging every 660000ms
2019-09-07 20:52:53 INFO  org.seleniumhq.jetty9.server.handler.ContextHandler     - Started o.s.j.s.ServletContextHandler@2925bf5b{/,null,AVAILABLE}
2019-09-07 20:52:53 INFO  org.seleniumhq.jetty9.server.AbstractConnector     - Started ServerConnector@2002fc1d{HTTP/1.1,[http/1.1]}{localhost:4444}
2019-09-07 20:52:53 INFO  org.seleniumhq.jetty9.server.Server     - Started @1484ms
2019-09-07 20:52:53 INFO  org.seleniumhq.jetty9.server.Server     - jetty-9.4.12.v20180830; built: 2018-08-30T13:59:14.071Z; git: 27208684755d94a92186989f695db2d7b21ebc51; jvm 1.8.0_201-b09
2019-09-07 20:52:53 INFO  org.seleniumhq.jetty9.server.handler.ContextHandler     - Started o.s.j.s.ServletContextHandler@15043a2f{/,null,AVAILABLE}
2019-09-07 20:52:53 INFO  org.seleniumhq.jetty9.server.AbstractConnector     - Started ServerConnector@4a83a74a{HTTP/1.1,[http/1.1]}{localhost:5555}
2019-09-07 20:52:53 INFO  org.seleniumhq.jetty9.server.Server     - Started @1664ms
2019-09-07 20:53:03 INFO  selenium.common.tests.BaseTest     - Grid set up and ready for test processing!
2019-09-07 20:53:07 ERROR framework.tools.utils.Custom     - No such element found error: 
java.lang.IllegalMonitorStateException
	at java.lang.Object.wait(Native Method)
	at framework.tools.utils.Custom.clickElement(Custom.java:56)
	at selenium.interia.pages.LoginFormPage.clickLoginButton(LoginFormPage.java:36)
	at selenium.interia.tests.ShouldNotLoginTest.shouldNotLogin(ShouldNotLoginTest.java:46)
	at sun.reflect.NativeMethodAccessorImpl.invoke0(Native Method)
	at sun.reflect.NativeMethodAccessorImpl.invoke(NativeMethodAccessorImpl.java:62)
	at sun.reflect.DelegatingMethodAccessorImpl.invoke(DelegatingMethodAccessorImpl.java:43)
	at java.lang.reflect.Method.invoke(Method.java:498)
	at org.junit.runners.model.FrameworkMethod$1.runReflectiveCall(FrameworkMethod.java:45)
	at org.junit.internal.runners.model.ReflectiveCallable.run(ReflectiveCallable.java:15)
	at org.junit.runners.model.FrameworkMethod.invokeExplosively(FrameworkMethod.java:42)
	at org.junit.internal.runners.statements.InvokeMethod.evaluate(InvokeMethod.java:20)
	at org.junit.runners.ParentRunner.runLeaf(ParentRunner.java:263)
	at org.junit.runners.BlockJUnit4ClassRunner.runChild(BlockJUnit4ClassRunner.java:68)
	at org.junit.runners.BlockJUnit4ClassRunner.runChild(BlockJUnit4ClassRunner.java:47)
	at org.junit.runners.ParentRunner$3.run(ParentRunner.java:231)
	at org.junit.runners.ParentRunner$1.schedule(ParentRunner.java:60)
	at org.junit.runners.ParentRunner.runChildren(ParentRunner.java:229)
	at org.junit.runners.ParentRunner.access$000(ParentRunner.java:50)
	at org.junit.runners.ParentRunner$2.evaluate(ParentRunner.java:222)
	at org.junit.internal.runners.statements.RunBefores.evaluate(RunBefores.java:28)
	at org.junit.internal.runners.statements.RunAfters.evaluate(RunAfters.java:30)
	at org.junit.runners.ParentRunner.run(ParentRunner.java:300)
	at org.junit.runner.JUnitCore.run(JUnitCore.java:157)
	at com.intellij.junit4.JUnit4IdeaTestRunner.startRunnerWithArgs(JUnit4IdeaTestRunner.java:68)
	at com.intellij.rt.execution.junit.IdeaTestRunner$Repeater.startRunnerWithArgs(IdeaTestRunner.java:47)
	at com.intellij.rt.execution.junit.JUnitStarter.prepareStreamsAndStart(JUnitStarter.java:242)
	at com.intellij.rt.execution.junit.JUnitStarter.main(JUnitStarter.java:70)
2019-09-07 20:53:07 INFO  org.seleniumhq.jetty9.server.AbstractConnector     - Stopped ServerConnector@4a83a74a{HTTP/1.1,[http/1.1]}{localhost:5555}
2019-09-07 20:53:07 INFO  org.seleniumhq.jetty9.server.handler.ContextHandler     - Stopped o.s.j.s.ServletContextHandler@15043a2f{/,null,UNAVAILABLE}
2019-09-07 20:53:07 INFO  org.seleniumhq.jetty9.server.AbstractConnector     - Stopped ServerConnector@2002fc1d{HTTP/1.1,[http/1.1]}{localhost:4444}
2019-09-07 20:53:07 INFO  org.seleniumhq.jetty9.server.session     - node0 Stopped scavenging
2019-09-07 20:53:07 INFO  org.seleniumhq.jetty9.server.handler.ContextHandler     - Stopped o.s.j.s.ServletContextHandler@2925bf5b{/,null,UNAVAILABLE}
2019-09-07 20:53:07 INFO  selenium.common.tests.BaseTest     - Grid closed!
2019-09-07 20:53:53 INFO  org.seleniumhq.jetty9.util.log     - Logging initialized @966ms to org.seleniumhq.jetty9.util.log.Slf4jLog
2019-09-07 20:53:54 INFO  org.seleniumhq.jetty9.server.Server     - jetty-9.4.12.v20180830; built: 2018-08-30T13:59:14.071Z; git: 27208684755d94a92186989f695db2d7b21ebc51; jvm 1.8.0_201-b09
2019-09-07 20:53:54 INFO  org.seleniumhq.jetty9.server.session     - DefaultSessionIdManager workerName=node0
2019-09-07 20:53:54 INFO  org.seleniumhq.jetty9.server.session     - No SessionScavenger set, using defaults
2019-09-07 20:53:54 INFO  org.seleniumhq.jetty9.server.session     - node0 Scavenging every 660000ms
2019-09-07 20:53:54 INFO  org.seleniumhq.jetty9.server.handler.ContextHandler     - Started o.s.j.s.ServletContextHandler@6ad82709{/,null,AVAILABLE}
2019-09-07 20:53:54 INFO  org.seleniumhq.jetty9.server.AbstractConnector     - Started ServerConnector@7dc0f706{HTTP/1.1,[http/1.1]}{localhost:4444}
2019-09-07 20:53:54 INFO  org.seleniumhq.jetty9.server.Server     - Started @1238ms
2019-09-07 20:53:54 INFO  org.seleniumhq.jetty9.server.Server     - jetty-9.4.12.v20180830; built: 2018-08-30T13:59:14.071Z; git: 27208684755d94a92186989f695db2d7b21ebc51; jvm 1.8.0_201-b09
2019-09-07 20:53:54 INFO  org.seleniumhq.jetty9.server.handler.ContextHandler     - Started o.s.j.s.ServletContextHandler@28261e8e{/,null,AVAILABLE}
2019-09-07 20:53:54 INFO  org.seleniumhq.jetty9.server.AbstractConnector     - Started ServerConnector@73468a3b{HTTP/1.1,[http/1.1]}{localhost:5555}
2019-09-07 20:53:54 INFO  org.seleniumhq.jetty9.server.Server     - Started @1370ms
2019-09-07 20:54:04 INFO  selenium.common.tests.BaseTest     - Grid set up and ready for test processing!
2019-09-07 20:54:11 INFO  com.spotify.docker.client.LoggingPullHandler     - pull gprestes/the-internet: ProgressMessage{id=1.0, status=Pulling from gprestes/the-internet, stream=null, error=null, progress=null, progressDetail=null}
2019-09-07 20:54:11 INFO  com.spotify.docker.client.LoggingPullHandler     - pull gprestes/the-internet: ProgressMessage{id=null, status=Digest: sha256:8384d74f2b6fc7d2cfb1b6838e199ca2e99943dc8c603288a9517dfc4e6db20a, stream=null, error=null, progress=null, progressDetail=null}
2019-09-07 20:54:12 INFO  com.spotify.docker.client.LoggingPullHandler     - pull gprestes/the-internet: ProgressMessage{id=2.0, status=Pulling from gprestes/the-internet, stream=null, error=null, progress=null, progressDetail=null}
2019-09-07 20:54:12 INFO  com.spotify.docker.client.LoggingPullHandler     - pull gprestes/the-internet: ProgressMessage{id=null, status=Digest: sha256:a5a3fb8a838dd5f7a2abdfc5ba3f7f6f87ae17a2f8e77af36e10912ed77b4db5, stream=null, error=null, progress=null, progressDetail=null}
2019-09-07 20:54:12 INFO  com.spotify.docker.client.LoggingPullHandler     - pull gprestes/the-internet: ProgressMessage{id=2.1, status=Pulling from gprestes/the-internet, stream=null, error=null, progress=null, progressDetail=null}
2019-09-07 20:54:12 INFO  com.spotify.docker.client.LoggingPullHandler     - pull gprestes/the-internet: ProgressMessage{id=null, status=Digest: sha256:590c7853d8469d27991a427ba19620cd372d97d998e2c43e82c3af6d47ea3f95, stream=null, error=null, progress=null, progressDetail=null}
2019-09-07 20:54:13 INFO  com.spotify.docker.client.LoggingPullHandler     - pull gprestes/the-internet: ProgressMessage{id=2.2, status=Pulling from gprestes/the-internet, stream=null, error=null, progress=null, progressDetail=null}
2019-09-07 20:54:13 INFO  com.spotify.docker.client.LoggingPullHandler     - pull gprestes/the-internet: ProgressMessage{id=null, status=Digest: sha256:ab8e42fe1d2f59e477d8ebbbaf59d17522722f7c3b2135fa22951f3a4b52440c, stream=null, error=null, progress=null, progressDetail=null}
2019-09-07 20:54:14 INFO  com.spotify.docker.client.LoggingPullHandler     - pull gprestes/the-internet: ProgressMessage{id=2.3, status=Pulling from gprestes/the-internet, stream=null, error=null, progress=null, progressDetail=null}
2019-09-07 20:54:14 INFO  com.spotify.docker.client.LoggingPullHandler     - pull gprestes/the-internet: ProgressMessage{id=null, status=Digest: sha256:37416ecad294c20e34bbeb097735f034a2d1025f665c8b08e8557160718c4aa3, stream=null, error=null, progress=null, progressDetail=null}
2019-09-07 20:54:15 INFO  com.spotify.docker.client.LoggingPullHandler     - pull gprestes/the-internet: ProgressMessage{id=2.4, status=Pulling from gprestes/the-internet, stream=null, error=null, progress=null, progressDetail=null}
2019-09-07 20:54:15 INFO  com.spotify.docker.client.LoggingPullHandler     - pull gprestes/the-internet: ProgressMessage{id=null, status=Digest: sha256:3acb067ca99e937c80c326241d504ae7543b203c9877c97035b57d8f7a51f84e, stream=null, error=null, progress=null, progressDetail=null}
2019-09-07 20:54:15 INFO  com.spotify.docker.client.LoggingPullHandler     - pull gprestes/the-internet: ProgressMessage{id=latest, status=Pulling from gprestes/the-internet, stream=null, error=null, progress=null, progressDetail=null}
2019-09-07 20:54:15 INFO  com.spotify.docker.client.LoggingPullHandler     - pull gprestes/the-internet: ProgressMessage{id=null, status=Digest: sha256:f741ba048b7232ef90b0f7885de7f6ac42a52a17e73dd82afc484da140398796, stream=null, error=null, progress=null, progressDetail=null}
2019-09-07 20:54:15 INFO  com.spotify.docker.client.LoggingPullHandler     - pull gprestes/the-internet: ProgressMessage{id=null, status=Status: Image is up to date for gprestes/the-internet, stream=null, error=null, progress=null, progressDetail=null}
2019-09-07 20:54:16 INFO  com.spotify.docker.client.DefaultDockerClient     - Starting container with Id: f55e5af16e9c66b7f96e7e76c477fbe7dd4ac9759d05b06cca3df91f3a9f729f
2019-09-07 20:54:47 INFO  framework.tools.utils.Custom     - /Users/michalzajowski/Documents/selenium_tests/src/main/resources/test.html
2019-09-07 20:54:47 INFO  org.seleniumhq.jetty9.server.AbstractConnector     - Stopped ServerConnector@73468a3b{HTTP/1.1,[http/1.1]}{localhost:5555}
2019-09-07 20:54:47 INFO  org.seleniumhq.jetty9.server.handler.ContextHandler     - Stopped o.s.j.s.ServletContextHandler@28261e8e{/,null,UNAVAILABLE}
2019-09-07 20:54:47 INFO  org.seleniumhq.jetty9.server.AbstractConnector     - Stopped ServerConnector@7dc0f706{HTTP/1.1,[http/1.1]}{localhost:4444}
2019-09-07 20:54:47 INFO  org.seleniumhq.jetty9.server.session     - node0 Stopped scavenging
2019-09-07 20:54:47 INFO  org.seleniumhq.jetty9.server.handler.ContextHandler     - Stopped o.s.j.s.ServletContextHandler@6ad82709{/,null,UNAVAILABLE}
2019-09-07 20:54:47 INFO  selenium.common.tests.BaseTest     - Grid closed!
